[2023-04-25 09:07:56:2240][restartedMain] DEBUG o.s.w.s.m.m.a.RequestMappingHandlerAdapter - ControllerAdvice beans: 0 @ModelAttribute, 0 @InitBinder, 1 RequestBodyAdvice, 1 ResponseBodyAdvice
[2023-04-25 09:07:56:2305][restartedMain] DEBUG o.s.w.s.m.m.a.RequestMappingHandlerMapping - 43 mappings in 'requestMappingHandlerMapping'
[2023-04-25 09:07:56:2326][restartedMain] DEBUG o.s.w.s.h.SimpleUrlHandlerMapping - Patterns [/webjars/**, /**] in 'resourceHandlerMapping'
[2023-04-25 09:07:56:2334][restartedMain] DEBUG o.s.w.s.m.m.a.ExceptionHandlerExceptionResolver - ControllerAdvice beans: 0 @ExceptionHandler, 1 ResponseBodyAdvice
[2023-04-25 09:08:07:13250][http-nio-80-exec-1] INFO  o.s.web.servlet.DispatcherServlet - Initializing Servlet 'dispatcherServlet'
[2023-04-25 09:08:07:13252][http-nio-80-exec-1] DEBUG o.s.web.servlet.DispatcherServlet - Detected StandardServletMultipartResolver
[2023-04-25 09:08:07:13252][http-nio-80-exec-1] DEBUG o.s.web.servlet.DispatcherServlet - Detected AcceptHeaderLocaleResolver
[2023-04-25 09:08:07:13252][http-nio-80-exec-1] DEBUG o.s.web.servlet.DispatcherServlet - Detected FixedThemeResolver
[2023-04-25 09:08:07:13252][http-nio-80-exec-1] DEBUG o.s.web.servlet.DispatcherServlet - Detected org.springframework.web.servlet.view.DefaultRequestToViewNameTranslator@bd5d7f0
[2023-04-25 09:08:07:13253][http-nio-80-exec-1] DEBUG o.s.web.servlet.DispatcherServlet - Detected org.springframework.web.servlet.support.SessionFlashMapManager@6bb5c8f
[2023-04-25 09:08:07:13253][http-nio-80-exec-1] DEBUG o.s.web.servlet.DispatcherServlet - enableLoggingRequestDetails='false': request parameters and headers will be masked to prevent unsafe logging of potentially sensitive data
[2023-04-25 09:08:07:13253][http-nio-80-exec-1] INFO  o.s.web.servlet.DispatcherServlet - Completed initialization in 2 ms
[2023-04-25 09:08:07:13260][http-nio-80-exec-1] DEBUG o.s.web.servlet.DispatcherServlet - GET "/", parameters={}
[2023-04-25 09:08:07:13264][http-nio-80-exec-1] DEBUG o.s.w.s.m.m.a.RequestMappingHandlerMapping - Mapped to com.kbstar.controller.MainController#main()
[2023-04-25 09:08:07:13283][http-nio-80-exec-1] DEBUG o.s.w.s.v.ContentNegotiatingViewResolver - Selected 'text/html' given [text/html, application/xhtml+xml, image/avif, image/webp, image/apng, application/xml;q=0.9, application/signed-exchange;v=b3;q=0.7, */*;q=0.8]
[2023-04-25 09:08:07:13283][http-nio-80-exec-1] DEBUG o.s.web.servlet.view.JstlView - View name 'index', model {}
[2023-04-25 09:08:07:13284][http-nio-80-exec-1] DEBUG o.s.web.servlet.view.JstlView - Forwarding to [/views/index.jsp]
[2023-04-25 09:08:07:13959][http-nio-80-exec-1] DEBUG o.s.web.servlet.DispatcherServlet - Completed 200 OK
[2023-04-25 09:08:07:14008][http-nio-80-exec-2] DEBUG o.s.web.servlet.DispatcherServlet - GET "/js/index0421.js", parameters={}
[2023-04-25 09:08:07:14011][http-nio-80-exec-2] DEBUG o.s.w.s.h.SimpleUrlHandlerMapping - Mapped to ResourceHttpRequestHandler [classpath [META-INF/resources/], classpath [resources/], classpath [static/], classpath [public/], ServletContext [/]]
[2023-04-25 09:08:07:14020][http-nio-80-exec-2] DEBUG o.s.web.servlet.DispatcherServlet - Completed 200 OK
[2023-04-25 09:08:07:14061][http-nio-80-exec-3] DEBUG o.s.web.servlet.DispatcherServlet - GET "/favicon.ico", parameters={}
[2023-04-25 09:08:07:14061][http-nio-80-exec-3] DEBUG o.s.w.s.h.SimpleUrlHandlerMapping - Mapped to ResourceHttpRequestHandler [classpath [META-INF/resources/], classpath [resources/], classpath [static/], classpath [public/], ServletContext [/]]
[2023-04-25 09:08:07:14063][http-nio-80-exec-3] DEBUG o.s.w.s.r.ResourceHttpRequestHandler - Resource not found
[2023-04-25 09:08:07:14063][http-nio-80-exec-3] DEBUG o.s.web.servlet.DispatcherServlet - Completed 404 NOT_FOUND
[2023-04-25 09:08:07:14063][http-nio-80-exec-3] DEBUG o.s.web.servlet.DispatcherServlet - "ERROR" dispatch for GET "/error", parameters={}
[2023-04-25 09:08:07:14064][http-nio-80-exec-3] DEBUG o.s.w.s.m.m.a.RequestMappingHandlerMapping - Mapped to org.springframework.boot.autoconfigure.web.servlet.error.BasicErrorController#error(HttpServletRequest)
[2023-04-25 09:08:07:14078][http-nio-80-exec-3] DEBUG o.s.w.s.m.m.a.HttpEntityMethodProcessor - Using 'application/json;q=0.8', given [image/avif, image/webp, image/apng, image/svg+xml, image/*, */*;q=0.8] and supported [application/json, application/*+json, application/json, application/*+json]
[2023-04-25 09:08:07:14079][http-nio-80-exec-3] DEBUG o.s.w.s.m.m.a.HttpEntityMethodProcessor - Writing [{timestamp=Tue Apr 25 09:08:07 KST 2023, status=404, error=Not Found, message=No message available,  (truncated)...]
[2023-04-25 09:08:07:14110][http-nio-80-exec-3] DEBUG o.s.web.servlet.DispatcherServlet - Exiting from "ERROR" dispatch, status 404
[2023-04-25 09:08:38:44515][http-nio-80-exec-4] DEBUG o.s.web.servlet.DispatcherServlet - GET "/jsp", parameters={}
[2023-04-25 09:08:38:44515][http-nio-80-exec-4] DEBUG o.s.w.s.m.m.a.RequestMappingHandlerMapping - Mapped to com.kbstar.controller.JSPController#main(Model)
[2023-04-25 09:08:38:44517][http-nio-80-exec-4] DEBUG o.s.w.s.v.ContentNegotiatingViewResolver - Selected 'text/html' given [text/html, application/xhtml+xml, image/avif, image/webp, image/apng, application/xml;q=0.9, application/signed-exchange;v=b3;q=0.7, */*;q=0.8]
[2023-04-25 09:08:38:44517][http-nio-80-exec-4] DEBUG o.s.web.servlet.view.JstlView - View name 'index', model {left=jsp/left, center=jsp/center}
[2023-04-25 09:08:38:44517][http-nio-80-exec-4] DEBUG o.s.web.servlet.view.JstlView - Forwarding to [/views/index.jsp]
[2023-04-25 09:08:38:44596][http-nio-80-exec-4] DEBUG o.s.web.servlet.DispatcherServlet - Completed 200 OK
[2023-04-25 09:08:38:44640][http-nio-80-exec-5] DEBUG o.s.web.servlet.DispatcherServlet - GET "/js/index0421.js", parameters={}
[2023-04-25 09:08:38:44641][http-nio-80-exec-5] DEBUG o.s.w.s.h.SimpleUrlHandlerMapping - Mapped to ResourceHttpRequestHandler [classpath [META-INF/resources/], classpath [resources/], classpath [static/], classpath [public/], ServletContext [/]]
[2023-04-25 09:08:38:44642][http-nio-80-exec-5] DEBUG o.s.web.servlet.DispatcherServlet - Completed 200 OK
[2023-04-25 09:08:38:45014][http-nio-80-exec-6] DEBUG o.s.web.servlet.DispatcherServlet - GET "/ajax", parameters={}
[2023-04-25 09:08:38:45015][http-nio-80-exec-6] DEBUG o.s.w.s.m.m.a.RequestMappingHandlerMapping - Mapped to com.kbstar.controller.AjaxController#main(Model)
[2023-04-25 09:08:38:45016][http-nio-80-exec-6] DEBUG o.s.w.s.v.ContentNegotiatingViewResolver - Selected 'text/html' given [text/html, application/xhtml+xml, image/avif, image/webp, image/apng, application/xml;q=0.9, application/signed-exchange;v=b3;q=0.7, */*;q=0.8]
[2023-04-25 09:08:38:45016][http-nio-80-exec-6] DEBUG o.s.web.servlet.view.JstlView - View name 'index', model {center=ajax/center, left=ajax/left}
[2023-04-25 09:08:38:45016][http-nio-80-exec-6] DEBUG o.s.web.servlet.view.JstlView - Forwarding to [/views/index.jsp]
[2023-04-25 09:08:38:45080][http-nio-80-exec-6] DEBUG o.s.web.servlet.DispatcherServlet - Completed 200 OK
[2023-04-25 09:08:38:45125][http-nio-80-exec-7] DEBUG o.s.web.servlet.DispatcherServlet - GET "/js/index0421.js", parameters={}
[2023-04-25 09:08:38:45126][http-nio-80-exec-7] DEBUG o.s.w.s.h.SimpleUrlHandlerMapping - Mapped to ResourceHttpRequestHandler [classpath [META-INF/resources/], classpath [resources/], classpath [static/], classpath [public/], ServletContext [/]]
[2023-04-25 09:08:38:45127][http-nio-80-exec-7] DEBUG o.s.web.servlet.DispatcherServlet - Completed 200 OK
[2023-04-25 09:08:39:45947][http-nio-80-exec-8] DEBUG o.s.web.servlet.DispatcherServlet - GET "/ajax/ajax03", parameters={}
[2023-04-25 09:08:39:45948][http-nio-80-exec-8] DEBUG o.s.w.s.m.m.a.RequestMappingHandlerMapping - Mapped to com.kbstar.controller.AjaxController#ajax03(Model)
[2023-04-25 09:08:39:45949][http-nio-80-exec-8] DEBUG o.s.w.s.v.ContentNegotiatingViewResolver - Selected 'text/html' given [text/html, application/xhtml+xml, image/avif, image/webp, image/apng, application/xml;q=0.9, application/signed-exchange;v=b3;q=0.7, */*;q=0.8]
[2023-04-25 09:08:39:45949][http-nio-80-exec-8] DEBUG o.s.web.servlet.view.JstlView - View name 'index', model {center=ajax/ajax03, left=ajax/left}
[2023-04-25 09:08:39:45949][http-nio-80-exec-8] DEBUG o.s.web.servlet.view.JstlView - Forwarding to [/views/index.jsp]
[2023-04-25 09:08:39:45982][http-nio-80-exec-8] DEBUG o.s.web.servlet.DispatcherServlet - Completed 200 OK
[2023-04-25 09:08:39:46028][http-nio-80-exec-9] DEBUG o.s.web.servlet.DispatcherServlet - GET "/js/index0421.js", parameters={}
[2023-04-25 09:08:39:46028][http-nio-80-exec-9] DEBUG o.s.w.s.h.SimpleUrlHandlerMapping - Mapped to ResourceHttpRequestHandler [classpath [META-INF/resources/], classpath [resources/], classpath [static/], classpath [public/], ServletContext [/]]
[2023-04-25 09:08:39:46030][http-nio-80-exec-9] DEBUG o.s.web.servlet.DispatcherServlet - Completed 200 OK
[2023-04-25 09:08:42:49068][http-nio-80-exec-10] DEBUG o.s.web.servlet.DispatcherServlet - GET "/getdata", parameters={}
[2023-04-25 09:08:42:49069][http-nio-80-exec-10] DEBUG o.s.w.s.m.m.a.RequestMappingHandlerMapping - Mapped to com.kbstar.controller.AjaxImplController#getdata()
[2023-04-25 09:08:42:49075][http-nio-80-exec-10] DEBUG o.s.w.s.m.m.a.RequestResponseBodyMethodProcessor - Using 'application/json', given [*/*] and supported [application/json, application/*+json, application/json, application/*+json]
[2023-04-25 09:08:42:49087][http-nio-80-exec-10] DEBUG o.s.w.s.m.m.a.RequestResponseBodyMethodProcessor - Writing [[{"name":"james527","id":"id05","pwd":"pwd05"},{"name":"james527","id":"id05","pwd":"pwd05"},{"name" (truncated)...]
[2023-04-25 09:08:42:49089][http-nio-80-exec-10] DEBUG o.s.web.servlet.DispatcherServlet - Completed 200 OK
[2023-04-25 09:08:44:51033][http-nio-80-exec-1] DEBUG o.s.web.servlet.DispatcherServlet - GET "/map", parameters={}
[2023-04-25 09:08:44:51034][http-nio-80-exec-1] DEBUG o.s.w.s.m.m.a.RequestMappingHandlerMapping - Mapped to com.kbstar.controller.MapController#main(Model)
[2023-04-25 09:08:44:51036][http-nio-80-exec-1] DEBUG o.s.w.s.v.ContentNegotiatingViewResolver - Selected 'text/html' given [text/html, application/xhtml+xml, image/avif, image/webp, image/apng, application/xml;q=0.9, application/signed-exchange;v=b3;q=0.7, */*;q=0.8]
[2023-04-25 09:08:44:51037][http-nio-80-exec-1] DEBUG o.s.web.servlet.view.JstlView - View name 'index', model {center=map/center, left=map/left}
[2023-04-25 09:08:44:51037][http-nio-80-exec-1] DEBUG o.s.web.servlet.view.JstlView - Forwarding to [/views/index.jsp]
[2023-04-25 09:08:44:51141][http-nio-80-exec-1] DEBUG o.s.web.servlet.DispatcherServlet - Completed 200 OK
[2023-04-25 09:08:44:51187][http-nio-80-exec-2] DEBUG o.s.web.servlet.DispatcherServlet - GET "/js/index0421.js", parameters={}
[2023-04-25 09:08:44:51187][http-nio-80-exec-2] DEBUG o.s.w.s.h.SimpleUrlHandlerMapping - Mapped to ResourceHttpRequestHandler [classpath [META-INF/resources/], classpath [resources/], classpath [static/], classpath [public/], ServletContext [/]]
[2023-04-25 09:08:44:51189][http-nio-80-exec-2] DEBUG o.s.web.servlet.DispatcherServlet - Completed 200 OK
[2023-04-25 09:08:45:51780][http-nio-80-exec-3] DEBUG o.s.web.servlet.DispatcherServlet - GET "/map/map01", parameters={}
[2023-04-25 09:08:45:51781][http-nio-80-exec-3] DEBUG o.s.w.s.m.m.a.RequestMappingHandlerMapping - Mapped to com.kbstar.controller.MapController#map01(Model)
[2023-04-25 09:08:45:51782][http-nio-80-exec-3] DEBUG o.s.w.s.v.ContentNegotiatingViewResolver - Selected 'text/html' given [text/html, application/xhtml+xml, image/avif, image/webp, image/apng, application/xml;q=0.9, application/signed-exchange;v=b3;q=0.7, */*;q=0.8]
[2023-04-25 09:08:45:51782][http-nio-80-exec-3] DEBUG o.s.web.servlet.view.JstlView - View name 'index', model {center=map/map01, left=map/left}
[2023-04-25 09:08:45:51783][http-nio-80-exec-3] DEBUG o.s.web.servlet.view.JstlView - Forwarding to [/views/index.jsp]
[2023-04-25 09:08:45:51844][http-nio-80-exec-3] DEBUG o.s.web.servlet.DispatcherServlet - Completed 200 OK
[2023-04-25 09:08:45:51885][http-nio-80-exec-4] DEBUG o.s.web.servlet.DispatcherServlet - GET "/js/index0421.js", parameters={}
[2023-04-25 09:08:45:51886][http-nio-80-exec-4] DEBUG o.s.w.s.h.SimpleUrlHandlerMapping - Mapped to ResourceHttpRequestHandler [classpath [META-INF/resources/], classpath [resources/], classpath [static/], classpath [public/], ServletContext [/]]
[2023-04-25 09:08:45:51888][http-nio-80-exec-4] DEBUG o.s.web.servlet.DispatcherServlet - Completed 200 OK
[2023-04-25 09:08:46:52297][http-nio-80-exec-5] DEBUG o.s.web.servlet.DispatcherServlet - GET "/map/map02", parameters={}
[2023-04-25 09:08:46:52298][http-nio-80-exec-5] DEBUG o.s.w.s.m.m.a.RequestMappingHandlerMapping - Mapped to com.kbstar.controller.MapController#map02(Model)
[2023-04-25 09:08:46:52299][http-nio-80-exec-5] DEBUG o.s.w.s.v.ContentNegotiatingViewResolver - Selected 'text/html' given [text/html, application/xhtml+xml, image/avif, image/webp, image/apng, application/xml;q=0.9, application/signed-exchange;v=b3;q=0.7, */*;q=0.8]
[2023-04-25 09:08:46:52299][http-nio-80-exec-5] DEBUG o.s.web.servlet.view.JstlView - View name 'index', model {center=map/map02, left=map/left}
[2023-04-25 09:08:46:52299][http-nio-80-exec-5] DEBUG o.s.web.servlet.view.JstlView - Forwarding to [/views/index.jsp]
[2023-04-25 09:08:46:52360][http-nio-80-exec-5] DEBUG o.s.web.servlet.DispatcherServlet - Completed 200 OK
[2023-04-25 09:08:46:52403][http-nio-80-exec-6] DEBUG o.s.web.servlet.DispatcherServlet - GET "/js/index0421.js", parameters={}
[2023-04-25 09:08:46:52403][http-nio-80-exec-6] DEBUG o.s.w.s.h.SimpleUrlHandlerMapping - Mapped to ResourceHttpRequestHandler [classpath [META-INF/resources/], classpath [resources/], classpath [static/], classpath [public/], ServletContext [/]]
[2023-04-25 09:08:46:52405][http-nio-80-exec-6] DEBUG o.s.web.servlet.DispatcherServlet - Completed 200 OK
[2023-04-25 09:08:47:53395][http-nio-80-exec-7] DEBUG o.s.web.servlet.DispatcherServlet - GET "/map/map01", parameters={}
[2023-04-25 09:08:47:53396][http-nio-80-exec-7] DEBUG o.s.w.s.m.m.a.RequestMappingHandlerMapping - Mapped to com.kbstar.controller.MapController#map01(Model)
[2023-04-25 09:08:47:53397][http-nio-80-exec-7] DEBUG o.s.w.s.v.ContentNegotiatingViewResolver - Selected 'text/html' given [text/html, application/xhtml+xml, image/avif, image/webp, image/apng, application/xml;q=0.9, application/signed-exchange;v=b3;q=0.7, */*;q=0.8]
[2023-04-25 09:08:47:53397][http-nio-80-exec-7] DEBUG o.s.web.servlet.view.JstlView - View name 'index', model {center=map/map01, left=map/left}
[2023-04-25 09:08:47:53397][http-nio-80-exec-7] DEBUG o.s.web.servlet.view.JstlView - Forwarding to [/views/index.jsp]
[2023-04-25 09:08:47:53398][http-nio-80-exec-7] DEBUG o.s.web.servlet.DispatcherServlet - Completed 200 OK
[2023-04-25 09:08:47:53435][http-nio-80-exec-8] DEBUG o.s.web.servlet.DispatcherServlet - GET "/js/index0421.js", parameters={}
[2023-04-25 09:08:47:53436][http-nio-80-exec-8] DEBUG o.s.w.s.h.SimpleUrlHandlerMapping - Mapped to ResourceHttpRequestHandler [classpath [META-INF/resources/], classpath [resources/], classpath [static/], classpath [public/], ServletContext [/]]
[2023-04-25 09:08:47:53437][http-nio-80-exec-8] DEBUG o.s.web.servlet.DispatcherServlet - Completed 200 OK
[2023-04-25 09:08:49:55434][http-nio-80-exec-9] DEBUG o.s.web.servlet.DispatcherServlet - GET "/map/map02", parameters={}
[2023-04-25 09:08:49:55437][http-nio-80-exec-9] DEBUG o.s.w.s.m.m.a.RequestMappingHandlerMapping - Mapped to com.kbstar.controller.MapController#map02(Model)
[2023-04-25 09:08:49:55438][http-nio-80-exec-9] DEBUG o.s.w.s.v.ContentNegotiatingViewResolver - Selected 'text/html' given [text/html, application/xhtml+xml, image/avif, image/webp, image/apng, application/xml;q=0.9, application/signed-exchange;v=b3;q=0.7, */*;q=0.8]
[2023-04-25 09:08:49:55439][http-nio-80-exec-9] DEBUG o.s.web.servlet.view.JstlView - View name 'index', model {center=map/map02, left=map/left}
[2023-04-25 09:08:49:55439][http-nio-80-exec-9] DEBUG o.s.web.servlet.view.JstlView - Forwarding to [/views/index.jsp]
[2023-04-25 09:08:49:55441][http-nio-80-exec-9] DEBUG o.s.web.servlet.DispatcherServlet - Completed 200 OK
[2023-04-25 09:08:49:55483][http-nio-80-exec-10] DEBUG o.s.web.servlet.DispatcherServlet - GET "/js/index0421.js", parameters={}
[2023-04-25 09:08:49:55483][http-nio-80-exec-10] DEBUG o.s.w.s.h.SimpleUrlHandlerMapping - Mapped to ResourceHttpRequestHandler [classpath [META-INF/resources/], classpath [resources/], classpath [static/], classpath [public/], ServletContext [/]]
[2023-04-25 09:08:49:55484][http-nio-80-exec-10] DEBUG o.s.web.servlet.DispatcherServlet - Completed 200 OK
[2023-04-25 09:08:53:59331][http-nio-80-exec-1] DEBUG o.s.web.servlet.DispatcherServlet - GET "/", parameters={}
[2023-04-25 09:08:53:59332][http-nio-80-exec-1] DEBUG o.s.w.s.m.m.a.RequestMappingHandlerMapping - Mapped to com.kbstar.controller.MainController#main()
[2023-04-25 09:08:53:59334][http-nio-80-exec-1] DEBUG o.s.w.s.v.ContentNegotiatingViewResolver - Selected 'text/html' given [text/html, application/xhtml+xml, image/avif, image/webp, image/apng, application/xml;q=0.9, application/signed-exchange;v=b3;q=0.7, */*;q=0.8]
[2023-04-25 09:08:53:59334][http-nio-80-exec-1] DEBUG o.s.web.servlet.view.JstlView - View name 'index', model {}
[2023-04-25 09:08:53:59335][http-nio-80-exec-1] DEBUG o.s.web.servlet.view.JstlView - Forwarding to [/views/index.jsp]
[2023-04-25 09:08:53:59338][http-nio-80-exec-1] DEBUG o.s.web.servlet.DispatcherServlet - Completed 200 OK
[2023-04-25 09:08:53:59398][http-nio-80-exec-2] DEBUG o.s.web.servlet.DispatcherServlet - GET "/js/index0421.js", parameters={}
[2023-04-25 09:08:53:59398][http-nio-80-exec-2] DEBUG o.s.w.s.h.SimpleUrlHandlerMapping - Mapped to ResourceHttpRequestHandler [classpath [META-INF/resources/], classpath [resources/], classpath [static/], classpath [public/], ServletContext [/]]
[2023-04-25 09:08:53:59400][http-nio-80-exec-2] DEBUG o.s.web.servlet.DispatcherServlet - Completed 200 OK
[2023-04-25 09:08:54:61037][http-nio-80-exec-3] DEBUG o.s.web.servlet.DispatcherServlet - GET "/favicon.ico", parameters={}
[2023-04-25 09:08:54:61038][http-nio-80-exec-3] DEBUG o.s.w.s.h.SimpleUrlHandlerMapping - Mapped to ResourceHttpRequestHandler [classpath [META-INF/resources/], classpath [resources/], classpath [static/], classpath [public/], ServletContext [/]]
[2023-04-25 09:08:54:61040][http-nio-80-exec-3] DEBUG o.s.w.s.r.ResourceHttpRequestHandler - Resource not found
[2023-04-25 09:08:54:61040][http-nio-80-exec-3] DEBUG o.s.web.servlet.DispatcherServlet - Completed 404 NOT_FOUND
[2023-04-25 09:08:54:61040][http-nio-80-exec-3] DEBUG o.s.web.servlet.DispatcherServlet - "ERROR" dispatch for GET "/error", parameters={}
[2023-04-25 09:08:54:61041][http-nio-80-exec-3] DEBUG o.s.w.s.m.m.a.RequestMappingHandlerMapping - Mapped to org.springframework.boot.autoconfigure.web.servlet.error.BasicErrorController#error(HttpServletRequest)
[2023-04-25 09:08:54:61042][http-nio-80-exec-3] DEBUG o.s.w.s.m.m.a.HttpEntityMethodProcessor - Using 'application/json;q=0.8', given [image/avif, image/webp, image/apng, image/svg+xml, image/*, */*;q=0.8] and supported [application/json, application/*+json, application/json, application/*+json]
[2023-04-25 09:08:54:61042][http-nio-80-exec-3] DEBUG o.s.w.s.m.m.a.HttpEntityMethodProcessor - Writing [{timestamp=Tue Apr 25 09:08:54 KST 2023, status=404, error=Not Found, message=No message available,  (truncated)...]
[2023-04-25 09:08:54:61043][http-nio-80-exec-3] DEBUG o.s.web.servlet.DispatcherServlet - Exiting from "ERROR" dispatch, status 404
[2023-04-25 09:08:57:63519][http-nio-80-exec-4] DEBUG o.s.web.servlet.DispatcherServlet - GET "/map", parameters={}
[2023-04-25 09:08:57:63519][http-nio-80-exec-4] DEBUG o.s.w.s.m.m.a.RequestMappingHandlerMapping - Mapped to com.kbstar.controller.MapController#main(Model)
[2023-04-25 09:08:57:63520][http-nio-80-exec-4] DEBUG o.s.w.s.v.ContentNegotiatingViewResolver - Selected 'text/html' given [text/html, application/xhtml+xml, image/avif, image/webp, image/apng, application/xml;q=0.9, application/signed-exchange;v=b3;q=0.7, */*;q=0.8]
[2023-04-25 09:08:57:63520][http-nio-80-exec-4] DEBUG o.s.web.servlet.view.JstlView - View name 'index', model {center=map/center, left=map/left}
[2023-04-25 09:08:57:63520][http-nio-80-exec-4] DEBUG o.s.web.servlet.view.JstlView - Forwarding to [/views/index.jsp]
[2023-04-25 09:08:57:63526][http-nio-80-exec-4] DEBUG o.s.web.servlet.DispatcherServlet - Completed 200 OK
[2023-04-25 09:08:57:63566][http-nio-80-exec-5] DEBUG o.s.web.servlet.DispatcherServlet - GET "/js/index0421.js", parameters={}
[2023-04-25 09:08:57:63566][http-nio-80-exec-5] DEBUG o.s.w.s.h.SimpleUrlHandlerMapping - Mapped to ResourceHttpRequestHandler [classpath [META-INF/resources/], classpath [resources/], classpath [static/], classpath [public/], ServletContext [/]]
[2023-04-25 09:08:57:63569][http-nio-80-exec-5] DEBUG o.s.web.servlet.DispatcherServlet - Completed 200 OK
[2023-04-25 09:08:58:64258][http-nio-80-exec-6] DEBUG o.s.web.servlet.DispatcherServlet - GET "/map/map01", parameters={}
[2023-04-25 09:08:58:64258][http-nio-80-exec-6] DEBUG o.s.w.s.m.m.a.RequestMappingHandlerMapping - Mapped to com.kbstar.controller.MapController#map01(Model)
[2023-04-25 09:08:58:64258][http-nio-80-exec-6] DEBUG o.s.w.s.v.ContentNegotiatingViewResolver - Selected 'text/html' given [text/html, application/xhtml+xml, image/avif, image/webp, image/apng, application/xml;q=0.9, application/signed-exchange;v=b3;q=0.7, */*;q=0.8]
[2023-04-25 09:08:58:64259][http-nio-80-exec-6] DEBUG o.s.web.servlet.view.JstlView - View name 'index', model {center=map/map01, left=map/left}
[2023-04-25 09:08:58:64259][http-nio-80-exec-6] DEBUG o.s.web.servlet.view.JstlView - Forwarding to [/views/index.jsp]
[2023-04-25 09:08:58:64262][http-nio-80-exec-6] DEBUG o.s.web.servlet.DispatcherServlet - Completed 200 OK
[2023-04-25 09:08:58:64303][http-nio-80-exec-7] DEBUG o.s.web.servlet.DispatcherServlet - GET "/js/index0421.js", parameters={}
[2023-04-25 09:08:58:64303][http-nio-80-exec-7] DEBUG o.s.w.s.h.SimpleUrlHandlerMapping - Mapped to ResourceHttpRequestHandler [classpath [META-INF/resources/], classpath [resources/], classpath [static/], classpath [public/], ServletContext [/]]
[2023-04-25 09:08:58:64304][http-nio-80-exec-7] DEBUG o.s.web.servlet.DispatcherServlet - Completed 200 OK
[2023-04-25 09:08:58:64358][http-nio-80-exec-8] DEBUG o.s.web.servlet.DispatcherServlet - GET "/img/a.jpg", parameters={}
[2023-04-25 09:08:58:64360][http-nio-80-exec-8] DEBUG o.s.w.s.h.SimpleUrlHandlerMapping - Mapped to ResourceHttpRequestHandler [classpath [META-INF/resources/], classpath [resources/], classpath [static/], classpath [public/], ServletContext [/]]
[2023-04-25 09:08:58:64373][http-nio-80-exec-8] DEBUG o.s.web.servlet.DispatcherServlet - Completed 200 OK
[2023-04-25 09:08:58:64960][http-nio-80-exec-9] DEBUG o.s.web.servlet.DispatcherServlet - GET "/map/map02", parameters={}
[2023-04-25 09:08:58:64960][http-nio-80-exec-9] DEBUG o.s.w.s.m.m.a.RequestMappingHandlerMapping - Mapped to com.kbstar.controller.MapController#map02(Model)
[2023-04-25 09:08:58:64961][http-nio-80-exec-9] DEBUG o.s.w.s.v.ContentNegotiatingViewResolver - Selected 'text/html' given [text/html, application/xhtml+xml, image/avif, image/webp, image/apng, application/xml;q=0.9, application/signed-exchange;v=b3;q=0.7, */*;q=0.8]
[2023-04-25 09:08:58:64961][http-nio-80-exec-9] DEBUG o.s.web.servlet.view.JstlView - View name 'index', model {center=map/map02, left=map/left}
[2023-04-25 09:08:58:64961][http-nio-80-exec-9] DEBUG o.s.web.servlet.view.JstlView - Forwarding to [/views/index.jsp]
[2023-04-25 09:08:58:64964][http-nio-80-exec-9] DEBUG o.s.web.servlet.DispatcherServlet - Completed 200 OK
[2023-04-25 09:08:58:65003][http-nio-80-exec-10] DEBUG o.s.web.servlet.DispatcherServlet - GET "/js/index0421.js", parameters={}
[2023-04-25 09:08:58:65004][http-nio-80-exec-10] DEBUG o.s.w.s.h.SimpleUrlHandlerMapping - Mapped to ResourceHttpRequestHandler [classpath [META-INF/resources/], classpath [resources/], classpath [static/], classpath [public/], ServletContext [/]]
[2023-04-25 09:08:58:65005][http-nio-80-exec-10] DEBUG o.s.web.servlet.DispatcherServlet - Completed 200 OK
[2023-04-25 09:08:59:65538][http-nio-80-exec-1] DEBUG o.s.web.servlet.DispatcherServlet - GET "/map/map03", parameters={}
[2023-04-25 09:08:59:65538][http-nio-80-exec-1] DEBUG o.s.w.s.m.m.a.RequestMappingHandlerMapping - Mapped to com.kbstar.controller.MapController#map03(Model)
[2023-04-25 09:08:59:65539][http-nio-80-exec-1] DEBUG o.s.w.s.v.ContentNegotiatingViewResolver - Selected 'text/html' given [text/html, application/xhtml+xml, image/avif, image/webp, image/apng, application/xml;q=0.9, application/signed-exchange;v=b3;q=0.7, */*;q=0.8]
[2023-04-25 09:08:59:65539][http-nio-80-exec-1] DEBUG o.s.web.servlet.view.JstlView - View name 'index', model {center=map/map03, left=map/left}
[2023-04-25 09:08:59:65540][http-nio-80-exec-1] DEBUG o.s.web.servlet.view.JstlView - Forwarding to [/views/index.jsp]
[2023-04-25 09:08:59:65596][http-nio-80-exec-1] DEBUG o.s.web.servlet.DispatcherServlet - Completed 200 OK
[2023-04-25 09:08:59:65643][http-nio-80-exec-2] DEBUG o.s.web.servlet.DispatcherServlet - GET "/js/index0421.js", parameters={}
[2023-04-25 09:08:59:65643][http-nio-80-exec-2] DEBUG o.s.w.s.h.SimpleUrlHandlerMapping - Mapped to ResourceHttpRequestHandler [classpath [META-INF/resources/], classpath [resources/], classpath [static/], classpath [public/], ServletContext [/]]
[2023-04-25 09:08:59:65645][http-nio-80-exec-2] DEBUG o.s.web.servlet.DispatcherServlet - Completed 200 OK
[2023-04-25 09:09:00:66344][http-nio-80-exec-3] DEBUG o.s.web.servlet.DispatcherServlet - GET "/markers?loc=b", parameters={masked}
[2023-04-25 09:09:00:66344][http-nio-80-exec-3] DEBUG o.s.w.s.m.m.a.RequestMappingHandlerMapping - Mapped to com.kbstar.controller.AjaxImplController#markers(String)
[2023-04-25 09:09:00:66355][http-nio-80-exec-3] DEBUG o.s.w.s.m.m.a.RequestResponseBodyMethodProcessor - Using 'application/json', given [*/*] and supported [application/json, application/*+json, application/json, application/*+json]
[2023-04-25 09:09:00:66357][http-nio-80-exec-3] DEBUG o.s.w.s.m.m.a.RequestResponseBodyMethodProcessor - Writing [[{"loc":"b","img":"a.jpg","lng":129.051139,"id":103,"title":"밥국","lat":35.157439,"target":"http:\/\/ (truncated)...]
[2023-04-25 09:09:00:66359][http-nio-80-exec-3] DEBUG o.s.web.servlet.DispatcherServlet - Completed 200 OK
[2023-04-25 09:09:00:66367][http-nio-80-exec-4] DEBUG o.s.web.servlet.DispatcherServlet - GET "/img/a.jpg", parameters={}
[2023-04-25 09:09:00:66368][http-nio-80-exec-4] DEBUG o.s.w.s.h.SimpleUrlHandlerMapping - Mapped to ResourceHttpRequestHandler [classpath [META-INF/resources/], classpath [resources/], classpath [static/], classpath [public/], ServletContext [/]]
[2023-04-25 09:09:00:66371][http-nio-80-exec-5] DEBUG o.s.web.servlet.DispatcherServlet - GET "/img/b.jpg", parameters={}
[2023-04-25 09:09:00:66371][http-nio-80-exec-6] DEBUG o.s.web.servlet.DispatcherServlet - GET "/img/c.jpg", parameters={}
[2023-04-25 09:09:00:66372][http-nio-80-exec-5] DEBUG o.s.w.s.h.SimpleUrlHandlerMapping - Mapped to ResourceHttpRequestHandler [classpath [META-INF/resources/], classpath [resources/], classpath [static/], classpath [public/], ServletContext [/]]
[2023-04-25 09:09:00:66372][http-nio-80-exec-6] DEBUG o.s.w.s.h.SimpleUrlHandlerMapping - Mapped to ResourceHttpRequestHandler [classpath [META-INF/resources/], classpath [resources/], classpath [static/], classpath [public/], ServletContext [/]]
[2023-04-25 09:09:00:66382][http-nio-80-exec-5] DEBUG o.s.web.servlet.DispatcherServlet - Completed 200 OK
[2023-04-25 09:09:00:66382][http-nio-80-exec-4] DEBUG o.s.web.servlet.DispatcherServlet - Completed 200 OK
[2023-04-25 09:09:00:66384][http-nio-80-exec-6] DEBUG o.s.web.servlet.DispatcherServlet - Completed 200 OK
[2023-04-25 09:09:01:67279][http-nio-80-exec-7] DEBUG o.s.web.servlet.DispatcherServlet - GET "/markers?loc=j", parameters={masked}
[2023-04-25 09:09:01:67279][http-nio-80-exec-7] DEBUG o.s.w.s.m.m.a.RequestMappingHandlerMapping - Mapped to com.kbstar.controller.AjaxImplController#markers(String)
[2023-04-25 09:09:01:67284][http-nio-80-exec-7] DEBUG o.s.w.s.m.m.a.RequestResponseBodyMethodProcessor - Using 'application/json', given [*/*] and supported [application/json, application/*+json, application/json, application/*+json]
[2023-04-25 09:09:01:67284][http-nio-80-exec-7] DEBUG o.s.w.s.m.m.a.RequestResponseBodyMethodProcessor - Writing [[{"loc":"j","img":"a.jpg","lng":126.525166,"id":106,"title":"박북","lat":33.362666,"target":"http:\/\/ (truncated)...]
[2023-04-25 09:09:01:67284][http-nio-80-exec-7] DEBUG o.s.web.servlet.DispatcherServlet - Completed 200 OK
[2023-04-25 09:09:01:67284][http-nio-80-exec-9] DEBUG o.s.web.servlet.DispatcherServlet - GET "/img/b.jpg", parameters={}
[2023-04-25 09:09:01:67284][http-nio-80-exec-8] DEBUG o.s.web.servlet.DispatcherServlet - GET "/img/a.jpg", parameters={}
[2023-04-25 09:09:01:67293][http-nio-80-exec-9] DEBUG o.s.w.s.h.SimpleUrlHandlerMapping - Mapped to ResourceHttpRequestHandler [classpath [META-INF/resources/], classpath [resources/], classpath [static/], classpath [public/], ServletContext [/]]
[2023-04-25 09:09:01:67293][http-nio-80-exec-10] DEBUG o.s.web.servlet.DispatcherServlet - GET "/img/c.jpg", parameters={}
[2023-04-25 09:09:01:67293][http-nio-80-exec-8] DEBUG o.s.w.s.h.SimpleUrlHandlerMapping - Mapped to ResourceHttpRequestHandler [classpath [META-INF/resources/], classpath [resources/], classpath [static/], classpath [public/], ServletContext [/]]
[2023-04-25 09:09:01:67293][http-nio-80-exec-10] DEBUG o.s.w.s.h.SimpleUrlHandlerMapping - Mapped to ResourceHttpRequestHandler [classpath [META-INF/resources/], classpath [resources/], classpath [static/], classpath [public/], ServletContext [/]]
[2023-04-25 09:09:01:67300][http-nio-80-exec-9] DEBUG o.s.web.servlet.DispatcherServlet - Completed 200 OK
[2023-04-25 09:09:01:67315][http-nio-80-exec-10] DEBUG o.s.web.servlet.DispatcherServlet - Completed 200 OK
[2023-04-25 09:09:01:67315][http-nio-80-exec-8] DEBUG o.s.web.servlet.DispatcherServlet - Completed 200 OK
